<?xml version="1.0" encoding="UTF-8" ?>
<testsuite tests="13" failures="0" name="adt.queue.StudentQueueTest" time="0.001" errors="0" skipped="0">
  <properties>
[...]
</properties>
  <testcase classname="adt.queue.StudentQueueTest" name="testEnqueue" time="0"/>
  <testcase classname="adt.queue.StudentQueueTest" name="testIsFullQueue3" time="0"/>
  <testcase classname="adt.queue.StudentQueueTest" name="testEnqueueQueue3" time="0"/>
  <testcase classname="adt.queue.StudentQueueTest" name="testEnqueueQueue4" time="0"/>
  <testcase classname="adt.queue.StudentQueueTest" name="testHead" time="0"/>
  <testcase classname="adt.queue.StudentQueueTest" name="testHeadQueue3Vazia" time="0.001"/>
  <testcase classname="adt.queue.StudentQueueTest" name="testDequeueComErro" time="0"/>
  <testcase classname="adt.queue.StudentQueueTest" name="testDequeue" time="0"/>
  <testcase classname="adt.queue.StudentQueueTest" name="testIsFull" time="0"/>
  <testcase classname="adt.queue.StudentQueueTest" name="testIsEmptyQueue3" time="0"/>
  <testcase classname="adt.queue.StudentQueueTest" name="testIsEmpty" time="0"/>
  <testcase classname="adt.queue.StudentQueueTest" name="testDequeueQueue3" time="0"/>
  <testcase classname="adt.queue.StudentQueueTest" name="testEnqueueComErro" time="0"/>
</testsuite>